  UnitTestKontoBankowe.cpp
  LINK : C:\Users\gymzo\source\repos\bank-studia\Debug\UnitTestBank.dll not found or not built by the last incremental link; performing full link
C:\Program Files\Microsoft Visual Studio\2022\Community\MSBuild\Microsoft\VC\v170\Microsoft.CppCommon.targets(1096,5): error MSB6006: "link.exe" exited with code 1112.
..\bank-studia\x64\Debug\bank.obj : fatal error LNK1112: module machine type 'x64' conflicts with target machine type 'x86'
